
Deleted - Post ID 91 - attachment - fav-icon
Deleted - Post ID 92 - attachment - ad-slide-7.jpg
Deleted - Post ID 93 - attachment - ad-slide-2.jpg
Deleted - Post ID 94 - attachment - banner
Deleted - Post ID 95 - attachment - banner
Deleted - Post ID 96 - attachment - banner-2
Deleted - Post ID 97 - attachment - cozy-hobby-growing-house-indoor-plants-cactus
Deleted - Post ID 98 - attachment - collection-1
Deleted - Post ID 99 - attachment - collection-2
Deleted - Post ID 100 - attachment - collection-3
Deleted - Post ID 101 - attachment - woocommerce-placeholder
Deleted - Post ID 102 - attachment - product-1
Deleted - Post ID 103 - attachment - product-1-inner2
Deleted - Post ID 104 - attachment - product-1-inner3
Deleted - Post ID 105 - attachment - product-1-inner4
Deleted - Post ID 106 - attachment - product-1-inner
Deleted - Post ID 107 - attachment - product-2
Deleted - Post ID 108 - attachment - product-2-inner2
Deleted - Post ID 109 - attachment - product2-inner-3
Deleted - Post ID 110 - attachment - product-2-inner4
Deleted - Post ID 111 - attachment - product-2-inner1
Deleted - Post ID 112 - attachment - product-3
Deleted - Post ID 113 - attachment - product-3-inner2
Deleted - Post ID 114 - attachment - product-3-inner3
Deleted - Post ID 115 - attachment - product-3-inner4
Deleted - Post ID 116 - attachment - product-3-inner-1
Deleted - Post ID 117 - attachment - product-4
Deleted - Post ID 118 - attachment - product-4-inner2
Deleted - Post ID 119 - attachment - product4-inner3
Deleted - Post ID 120 - attachment - product-4-inner4
Deleted - Post ID 121 - attachment - product-4-inner1
Deleted - Post ID 122 - attachment - product-5
Deleted - Post ID 123 - attachment - product-5
Deleted - Post ID 124 - attachment - product-6
Deleted - Post ID 125 - attachment - product-4
Deleted - Post ID 126 - attachment - pp
Deleted - Post ID 127 - attachment - product-1
Deleted - Post ID 128 - attachment - product-2
Deleted - Post ID 129 - attachment - product-2
Deleted - Post ID 130 - attachment - product-3
Deleted - Post ID 131 - attachment - product-3
Deleted - Post ID 132 - attachment - product-4
Deleted - Post ID 133 - attachment - banner-2
Deleted - Post ID 134 - attachment - prop-bg.jpg
Deleted - Post ID 135 - attachment - countdown
Deleted - Post ID 136 - attachment - countdown
Deleted - Post ID 137 - attachment - countdown
Deleted - Post ID 138 - attachment - review-img.png
Deleted - Post ID 139 - attachment - review-img-2.png
Deleted - Post ID 140 - attachment - test-bg.jpg
Deleted - Post ID 141 - attachment - pet.jpg
Deleted - Post ID 142 - attachment - pet-grey.jpg
Deleted - Post ID 143 - attachment - test-2.jpg
Deleted - Post ID 144 - attachment - gbg-1.jpg
Deleted - Post ID 145 - attachment - gbg-2.jpg
Deleted - Post ID 146 - attachment - gbg-3.jpg
Deleted - Post ID 147 - attachment - widget-im.jpg
Deleted - Post ID 148 - attachment - placeholder.png
Deleted - Post ID 149 - attachment - tv-grey.jpg
Deleted - Post ID 150 - attachment - tv.jpg
Deleted - Post ID 151 - attachment - pet-bg.jpg
Deleted - Post ID 152 - attachment - placeholder.png
Deleted - Post ID 153 - attachment - placeholder.png
Deleted - Post ID 154 - attachment - placeholder.png
Deleted - Post ID 155 - attachment - image-1
Deleted - Post ID 156 - attachment - image-2
Deleted - Post ID 157 - attachment - image-3
Deleted - Post ID 158 - attachment - dummy-logo-6.png
Deleted - Post ID 159 - attachment - placeholder.png
Deleted - Post ID 160 - attachment - placeholder.png
Deleted - Post ID 161 - attachment - placeholder.png
Deleted - Post ID 162 - attachment - placeholder.png
Deleted - Post ID 163 - attachment - bike-3.jpg
Deleted - Post ID 164 - attachment - blog-1.jpg
Deleted - Post ID 165 - attachment - pic-18.jpg
Deleted - Post ID 166 - attachment - car-03.jpg
Deleted - Post ID 167 - attachment - or-bg.jpg
Deleted - Post ID 168 - attachment - hat-bg.jpg
Deleted - Post ID 169 - attachment - 
Deleted - Post ID 170 - attachment - 
Deleted - Post ID 171 - attachment - 
Deleted - Post ID 172 - attachment - 
Deleted - Post ID 173 - attachment - 
Deleted - Post ID 174 - attachment - 
Deleted - Post ID 175 - attachment - 
Deleted - Post ID 176 - attachment - 
Deleted - Post ID 177 - attachment - 
Deleted - Post ID 178 - attachment - 
Deleted - Post ID 179 - attachment - product-1-inner4
Deleted - Post ID 180 - attachment - product-1
Deleted - Post ID 181 - attachment - product-1-inner
Deleted - Post ID 182 - attachment - product-1-inner3
Deleted - Post ID 183 - attachment - 
Deleted - Post ID 184 - attachment - product-2-inner4
Deleted - Post ID 185 - attachment - product-2-inner1
Deleted - Post ID 186 - attachment - product-2-inner2
Deleted - Post ID 187 - attachment - product2-inner-3
Deleted - Post ID 188 - attachment - 
Deleted - Post ID 189 - attachment - product-3-inner2
Deleted - Post ID 190 - attachment - product-3-inner3
Deleted - Post ID 191 - attachment - product-3-inner4
Deleted - Post ID 192 - attachment - product-3-inner-1-min
Deleted - Post ID 193 - attachment - 
Deleted - Post ID 194 - attachment - product-4-inner2
Deleted - Post ID 195 - attachment - product4-inner3
Deleted - Post ID 196 - attachment - product-4-inner4
Deleted - Post ID 197 - attachment - product-4-inner1
Deleted - Post ID 198 - attachment - 
Deleted - Post ID 199 - attachment - 
Deleted - Post ID 200 - attachment - placeholder.png
Deleted - Post ID 201 - attachment - b-1.jpg
Deleted - Post ID 202 - attachment - b-8.jpg
Deleted - Post ID 203 - attachment - b-7.jpg
Deleted - Post ID 204 - attachment - b-6.jpg
Deleted - Post ID 205 - attachment - b-5.jpg
Deleted - Post ID 206 - attachment - b-4.jpg
Deleted - Post ID 207 - attachment - b-3.jpg
Deleted - Post ID 208 - attachment - b-2.jpg
Deleted - Post ID 209 - attachment - shoes-bg.jpg
Deleted - Post ID 210 - attachment - sofa-green-living-room-with-copy-space
Deleted - Post ID 211 - attachment - 
Deleted - Post ID 212 - attachment - placeholder-398.png
Deleted - Post ID 213 - attachment - placeholder-411.png
Deleted - Post ID 214 - attachment - placeholder-412.png
Deleted - Post ID 215 - attachment - 
Deleted - Post ID 216 - attachment - 
Deleted - Post ID 217 - attachment - 
Deleted - Post ID 218 - attachment - 
Deleted - Post ID 219 - attachment - sub-banner.jpg
Deleted - Post ID 220 - attachment - placeholder-5.png
Deleted - Post ID 221 - attachment - placeholder.png
Deleted - Post ID 222 - attachment - placeholder.png
Deleted - Post ID 223 - attachment - 
Deleted - Post ID 224 - attachment - 
Deleted - Post ID 225 - attachment - about-us-1.png
Deleted - Post ID 226 - attachment - placeholder.png
Deleted - Post ID 227 - attachment - p1.png
Deleted - Post ID 228 - attachment - p2.png
Deleted - Post ID 229 - attachment - about
Deleted - Post ID 230 - attachment - about-Photoroom
Deleted - Post ID 231 - attachment - 
Deleted - Post ID 232 - attachment - 
Deleted - Post ID 233 - attachment - placeholder.png
Deleted - Post ID 234 - attachment - placeholder.png
Deleted - Post ID 235 - attachment - placeholder.png
Deleted - Post ID 236 - attachment - team-3.jpg
Deleted - Post ID 237 - attachment - team-1.jpg
Deleted - Post ID 238 - attachment - team-2-1.jpg
Deleted - Post ID 239 - attachment - team-4-1.jpg
Deleted - Post ID 240 - attachment - placeholder.png
Deleted - Post ID 241 - attachment - placeholder.png
Deleted - Post ID 242 - attachment - placeholder.png
Deleted - Post ID 243 - attachment - placeholder-392.png
Deleted - Post ID 244 - attachment - placeholder-393.png
Deleted - Post ID 245 - attachment - placeholder-394.png
Deleted - Post ID 246 - attachment - c-02.jpg
Deleted - Post ID 247 - attachment - placeholder.png
Deleted - Post ID 248 - attachment - placeholder.png
Deleted - Post ID 249 - attachment - placeholder.png
Deleted - Post ID 250 - attachment - product-3-inner3
Deleted - Post ID 251 - elementor_library - Default Kit
Deleted - Post ID 252 - attachment - placeholder.png
Deleted - Post ID 253 - attachment - placeholder.png
Deleted - Post ID 254 - attachment - placeholder.png
Deleted - Post ID 255 - attachment - placeholder.png
Deleted - Post ID 256 - attachment - placeholder.png
Deleted - Post ID 257 - attachment - placeholder.png
Deleted - Post ID 261 - attachment - error.png
Deleted - Post ID 262 - attachment - 
Deleted - Post ID 268 - attachment - 
Deleted - Post ID 271 - attachment - 
Deleted - Post ID 273 - attachment - 
Deleted - Post ID 277 - attachment - banner-3.jpg
Deleted - Post ID 278 - attachment - banner-2-.jpg
Deleted - Post ID 279 - attachment - placeholder-6.png
Deleted - Post ID 280 - attachment - placeholder-7.png
Deleted - Post ID 281 - attachment - placeholder-8.png
Deleted - Post ID 287 - attachment - 
Deleted - Post ID 288 - attachment - countdown
Deleted - Post ID 289 - post - Hello world!
Deleted - Post ID 290 - page - Home
Deleted - Post ID 291 - theme-advanced-hook - Header
Deleted - Post ID 292 - nav_menu_item - 
Deleted - Post ID 293 - page - Shop
Deleted - Post ID 294 - page - Cart
Deleted - Post ID 295 - page - Checkout
Deleted - Post ID 296 - page - My account
Deleted - Post ID 297 - product - Modern wood stool
Deleted - Post ID 298 - product - Ciamond Halo Stud Cum
Deleted - Post ID 299 - product - Green fabric chair
Deleted - Post ID 300 - product - Wooden stand lamp
Deleted - Post ID 301 - product - Unique new table
Deleted - Post ID 302 - product - Chair for iron frame
Deleted - Post ID 303 - page - About
Deleted - Post ID 304 - page - Contact
Deleted - Post ID 263 - nav_menu_item - 
Deleted - Post ID 264 - nav_menu_item - 
Deleted - Post ID 265 - nav_menu_item - 
Deleted - Post ID 305 - wp_navigation - Navigation
Deleted - Post ID 306 - theme-advanced-hook - Footer
Deleted - Post ID 307 - wpcf7_contact_form - Contact form 1
Deleted - Post ID 308 - theme-advanced-hook - Shop
Deleted - Post ID 309 - theme-advanced-hook - Single product
Deleted - Post ID 259 - theme-advanced-hook - 404
Deleted - Post ID 269 - theme-advanced-hook - Product category
Importing from XML https://themes.templatescoder.com/sastra-addon/wp-content/uploads/tmpcoder-templates-kit/demo-10/demo-10-10-09-2025-06-56am.xml
{"file":"C:\\Users\\behda\\Local Sites\\roni-tech\\app\\public\/wp-content\/uploads\/2026\/03\/demo-10-10-09-2025-06-56am.xml","url":"http:\/\/roni-tech.local\/wp-content\/uploads\/2026\/03\/demo-10-10-09-2025-06-56am.xml","type":"text\/xml"}
{"post_title":"demo-10-10-09-2025-06-56am.xml","guid":"http:\/\/roni-tech.local\/wp-content\/uploads\/2026\/03\/demo-10-10-09-2025-06-56am.xml","post_mime_type":"text\/xml"}
{"success":true,"data":{"file":"C:\\Users\\behda\\Local Sites\\roni-tech\\app\\public\/wp-content\/uploads\/2026\/03\/demo-10-10-09-2025-06-56am.xml","url":"http:\/\/roni-tech.local\/wp-content\/uploads\/2026\/03\/demo-10-10-09-2025-06-56am.xml","type":"text\/xml"}}
324
Started Import Process
# System Details: 
Debug Mode 		: Disabled
Operating System 	: WINNT
Software 		: nginx/1.26.1
MySQL version 		: 8.0.35
XML Reader 		: Yes
PHP Version 		: 8.2.27
PHP Max Input Vars 	: 4000
PHP Max Post Size 	: 1000M
PHP Extension GD 	: Yes
PHP Max Execution Time 	: 1200
Max Upload Size 	: 300 MB
Memory Limit 		: Current memory limit 40M. We recommend setting memory to at least 64M.
Timezone 		: 0

-----

Importing Started! - 10:49:14 UTC
---

WHY IMPORT PROCESS CAN FAIL? READ THIS - 
https://spexoaddons.com/

---

Inserted - Term 34 - {"term_id":34,"name":"Activities","slug":"activities","term_group":0,"term_taxonomy_id":34,"taxonomy":"category","description":"","parent":0,"count":0,"filter":"raw"}
Inserted - Term 35 - {"term_id":35,"name":"Cosmopolitan","slug":"cosmopolitan","term_group":0,"term_taxonomy_id":35,"taxonomy":"category","description":"","parent":0,"count":0,"filter":"raw"}
Inserted - Term 36 - {"term_id":36,"name":"Fashion week","slug":"fashion-week","term_group":0,"term_taxonomy_id":36,"taxonomy":"category","description":"","parent":0,"count":0,"filter":"raw"}
Inserted - Term 37 - {"term_id":37,"name":"Lifestyle","slug":"lifestyle","term_group":0,"term_taxonomy_id":37,"taxonomy":"category","description":"","parent":0,"count":0,"filter":"raw"}
Inserted - Term 38 - {"term_id":38,"name":"Tech","slug":"tech","term_group":0,"term_taxonomy_id":38,"taxonomy":"category","description":"","parent":0,"count":0,"filter":"raw"}
Inserted - Term 39 - {"term_id":39,"name":"Travel","slug":"travel","term_group":0,"term_taxonomy_id":39,"taxonomy":"category","description":"","parent":0,"count":0,"filter":"raw"}
Inserted - Term 40 - {"term_id":40,"name":"Fitness","slug":"fitness","term_group":0,"term_taxonomy_id":40,"taxonomy":"post_tag","description":"","parent":0,"count":0,"filter":"raw"}
Inserted - Term 41 - {"term_id":41,"name":"Health","slug":"health","term_group":0,"term_taxonomy_id":41,"taxonomy":"post_tag","description":"","parent":0,"count":0,"filter":"raw"}
Inserted - Term 42 - {"term_id":42,"name":"Lifestyle","slug":"lifestyle","term_group":0,"term_taxonomy_id":42,"taxonomy":"post_tag","description":"","parent":0,"count":0,"filter":"raw"}
Inserted - Term 43 - {"term_id":43,"name":"magazine","slug":"magazine","term_group":0,"term_taxonomy_id":43,"taxonomy":"post_tag","description":"","parent":0,"count":0,"filter":"raw"}
Inserted - Term 44 - {"term_id":44,"name":"news","slug":"news","term_group":0,"term_taxonomy_id":44,"taxonomy":"post_tag","description":"","parent":0,"count":0,"filter":"raw"}
Inserted - Term 45 - {"term_id":45,"name":"newspaper","slug":"newspaper","term_group":0,"term_taxonomy_id":45,"taxonomy":"post_tag","description":"","parent":0,"count":0,"filter":"raw"}
Inserted - Term 46 - {"term_id":46,"name":"Nutrition","slug":"nutrition","term_group":0,"term_taxonomy_id":46,"taxonomy":"post_tag","description":"","parent":0,"count":0,"filter":"raw"}
Inserted - Term 47 - {"term_id":47,"name":"Resources","slug":"resources","term_group":0,"term_taxonomy_id":47,"taxonomy":"post_tag","description":"","parent":0,"count":0,"filter":"raw"}
Inserted - Term 48 - {"term_id":48,"name":"Tech","slug":"tech","term_group":0,"term_taxonomy_id":48,"taxonomy":"post_tag","description":"","parent":0,"count":0,"filter":"raw"}
Inserted - Post 325 - attachment - 
Inserted - Post 326 - attachment - 
Inserted - Post 327 - attachment - 
Inserted - Post 328 - attachment - 
Inserted - Post 329 - attachment - 
Inserted - Post 330 - attachment - 
Inserted - Post 331 - attachment - 
Inserted - Post 332 - attachment - placeholder-392.png
Inserted - Post 333 - attachment - placeholder-393.png
Inserted - Post 334 - attachment - placeholder-394.png
Inserted - Post 335 - attachment - 
Inserted - Post 336 - attachment - 
Inserted - Post 337 - attachment - 
Inserted - Post 338 - attachment - 
Inserted - Post 339 - attachment - 
Inserted - Post 92 - attachment - 
Inserted - Post 94 - attachment - 
Inserted - Post 96 - attachment - 
Inserted - Post 98 - attachment - 
Inserted - Post 100 - attachment - 
Inserted - Post 102 - attachment - 
Inserted - Post 105 - attachment - 
Inserted - Post 107 - attachment - 
Inserted - Post 109 - attachment - 
Inserted - Post 111 - attachment - 
Inserted - Post 113 - attachment - 
Inserted - Post 115 - attachment - 
Inserted - Post 117 - attachment - 
Inserted - Post 119 - attachment - 
Inserted - Post 121 - attachment - blog-24
Inserted - Post 123 - attachment - 
Inserted - Post 125 - attachment - 
Inserted - Post 127 - attachment - 
Inserted - Post 129 - attachment - 
Inserted - Post 131 - attachment - 
Inserted - Post 133 - attachment - 
Inserted - Post 135 - attachment - 
Inserted - Post 137 - attachment - 
Inserted - Post 139 - attachment - 
Inserted - Post 141 - attachment - 
Inserted - Post 340 - post - Discover the 10 Best Hairstyles According to Your Face Shape
Inserted - Post 341 - page - Home
Inserted - Post 342 - elementor_library - Default Kit
Inserted - Post 343 - nav_menu_item - 
Inserted - Post 344 - post - Wonderful Outdoors Experience: Eagle Spotting in Alaska
Inserted - Post 345 - post - Activities Improve your Health by Travelling to these Remote Locations
Inserted - Post 346 - page - News
Inserted - Post 347 - page - Fashion
Inserted - Post 348 - page - Tech
Inserted - Post 349 - page - Travel
Inserted - Post 350 - nav_menu_item - 
Inserted - Post 351 - nav_menu_item - 
Inserted - Post 352 - nav_menu_item - 
Inserted - Post 353 - nav_menu_item - 
Inserted - Post 143 - attachment - 
Inserted - Post 145 - attachment - 
Inserted - Post 147 - attachment - placeholder.png
Inserted - Post 148 - attachment - p1.png
Inserted - Post 149 - attachment - p2.png
Inserted - Post 153 - attachment - 
Inserted - Post 354 - post - Kevin Smith Shows his Love for Natural Inspired Outfits
Inserted - Post 355 - post - The Big Real Estate Debate: What Makes A Good Investment
Inserted - Post 356 - post - 5 Fashion stories from around the web you might have missed this week
Inserted - Post 357 - post - What watch nerds really think about smartwatches
Inserted - Post 358 - post - Taking Amtrak’s California Zephyr Across Country
Inserted - Post 359 - post - The Benefits of Running That Make You Healthier and Happier
Inserted - Post 91 - post - Model slams brands using fur in fashion after walking off photoshoot
Inserted - Post 93 - post - This Amazing Massage Service for Women is Changing The Game
Inserted - Post 95 - post - Talented Nigerian Artists Trying to Reduce Global Pollution
Inserted - Post 97 - post - The Benefits of Outdoor Activities
Inserted - Post 99 - post - Exploring Different Hobbies
Inserted - Post 101 - post - How The Premier League Became A Dream Destination For Young Brazilians
Inserted - Post 104 - post - With 150 million daily active users, Instagram Stories is launching ads
Inserted - Post 106 - post - Snapchat ex-employee claims company faked growth stats to boost value
Inserted - Post 108 - post - Ford’s newest self-driving test cars have more compute power and better vision
Inserted - Post 110 - post - Take a look inside Facebook’s massive data center in Sweden
Inserted - Post 112 - post - Top 10 Upcoming PS4 Games: All The Exclusive on The Way
Inserted - Post 114 - post - Understanding Quantum Computing
Inserted - Post 116 - post - The Role of Big Data in Modern Businesses
Inserted - Post 118 - post - The Environmental Impact of E-Waste
Inserted - Post 360 - wp_navigation - Navigation
Inserted - Post 361 - theme-advanced-hook - Header
Inserted - Post 362 - theme-advanced-hook - Footer
Inserted - Post 363 - theme-advanced-hook - Single post
Inserted - Post 103 - post - How this Nigerian woman went from aspiring developer to meeting Mark Zuckerberg
Inserted - Post 120 - post - 10 Breakthrough Technologies of the Year
Inserted - Post 122 - post - Nintendo Switch UI gets new close-up in deleted tweet
Inserted - Post 126 - post - Celebrate Nyepi in true Bali spirit with a luxurious day of silence
Inserted - Post 128 - post - Your Guide to Canggu’s Hottest Street: The Essential Batu Bolong
Inserted - Post 130 - post - Summer Safety Tips For Water Sports Adventurers
Inserted - Post 132 - post - Perfect places to watch the sunrise in Bali while you honeymoon
Inserted - Post 134 - post - Searching For Dolphins &#038; Whales Off Island
Inserted - Post 136 - post - The Ultimate Guide to New York City in a Weekend
Inserted - Post 138 - post - How To Become A Professional Travel Blogger
Inserted - Post 140 - post - Choosing the best accommodation type for your trip
Inserted - Post 142 - post - Great Surf Spots in Bali: From Beginner to Pro Surfers
Inserted - Post 144 - post - Important things you should know for Mount Agung hiking
Inserted - Post 166 - theme-advanced-hook - News Search
Inserted - Post 167 - theme-advanced-hook - Post Archive
Inserted - Post 169 - theme-advanced-hook - 404 Error
Inserted - Post 364 - wpcf7_contact_form - Contact form 1
{"file":"C:\\Users\\behda\\Local Sites\\roni-tech\\app\\public\/wp-content\/uploads\/2026\/03\/demo-10-2025-09-10-06-56am.json","url":"http:\/\/roni-tech.local\/wp-content\/uploads\/2026\/03\/demo-10-2025-09-10-06-56am.json","type":"application\/json"}
{"file":"C:\\Users\\behda\\Local Sites\\roni-tech\\app\\public\/wp-content\/uploads\/2026\/03\/demo-10-10-09-2025-06-56am.zip","url":"http:\/\/roni-tech.local\/wp-content\/uploads\/2026\/03\/demo-10-10-09-2025-06-56am.zip","type":"application\/zip"}
Imported - Site Options {"0":{"name":"","title":null,"description":null,"author":"spexoadmin","version":"2.0","elementor_version":"3.31.5","created":"2025-09-10 06:56:00","thumbnail":false,"site":"https:\/\/themes.templatescoder.com\/sastra-addon\/demo-10","site-settings":["global-colors","global-typography","theme-style-typography","theme-style-buttons","theme-style-images","theme-style-form-fields","settings-background","settings-layout","settings-lightbox","settings-page-transitions","settings-custom-css"],"plugins":[{"name":"Elementor","plugin":"elementor\/elementor","pluginUri":"https:\/\/elementor.com\/?utm_source=wp-plugins&amp;utm_campaign=plugin-uri&amp;utm_medium=wp-dash","version":"3.31.5"},{"name":"Redux+Framework","plugin":"redux-framework\/redux-framework","pluginUri":"https:\/\/wordpress.org\/plugins\/redux-framework","version":"4.5.7"},{"name":"Spexo+Addons+for+Elementor","plugin":"sastra-essential-addons-for-elementor\/sastra-essential-addons-for-elementor","pluginUri":"http:\/\/spexoaddons.com\/","version":"1.0.25"}],"taxonomies":{"post":["category","post_tag"],"nav_menu_item":["nav_menu"]},"content":{"post":{"144":{"title":"Important things you should know for Mount Agung hiking","excerpt":"","doc_type":"wp-post","thumbnail":"https:\/\/themes.templatescoder.com\/sastra-addon\/demo-10\/wp-content\/uploads\/sites\/12\/2024\/06\/blog-35.jpg","url":"https:\/\/themes.templatescoder.com\/sastra-addon\/demo-10\/2024\/06\/20\/important-things-you-should-know-for-mount-agung-hiking\/","terms":[{"term_id":6,"taxonomy":"category","slug":"travel"}]},"142":{"title":"Great Surf Spots in Bali: From Beginner to Pro Surfers","excerpt":"","doc_type":"wp-post","thumbnail":"https:\/\/themes.templatescoder.com\/sastra-addon\/demo-10\/wp-content\/uploads\/sites\/12\/2024\/06\/blog-34.jpg","url":"https:\/\/themes.templatescoder.com\/sastra-addon\/demo-10\/2024\/06\/20\/great-surf-spots-in-bali-from-beginner-to-pro-surfers\/","terms":[{"term_id":6,"taxonomy":"category","slug":"travel"}]},"140":{"title":"Choosing the best accommodation type for your trip","excerpt":"","doc_type":"wp-post","thumbnail":"https:\/\/themes.templatescoder.com\/sastra-addon\/demo-10\/wp-content\/uploads\/sites\/12\/2024\/06\/blog-33.jpg","url":"https:\/\/themes.templatescoder.com\/sastra-addon\/demo-10\/2024\/06\/20\/choosing-the-best-accommodation-type-for-your-trip\/","terms":[{"term_id":6,"taxonomy":"category","slug":"travel"}]},"138":{"title":"How To Become A Professional Travel Blogger","excerpt":"","doc_type":"wp-post","thumbnail":"https:\/\/themes.templatescoder.com\/sastra-addon\/demo-10\/wp-content\/uploads\/sites\/12\/2024\/06\/blog-32.jpg","url":"https:\/\/themes.templatescoder.com\/sastra-addon\/demo-10\/2024\/06\/20\/how-to-become-a-professional-travel-blogger\/","terms":[{"term_id":6,"taxonomy":"category","slug":"travel"}]},"136":{"title":"The Ultimate Guide to New York City in a Weekend","excerpt":"","doc_type":"wp-post","thumbnail":"https:\/\/themes.templatescoder.com\/sastra-addon\/demo-10\/wp-content\/uploads\/sites\/12\/2024\/06\/blog-31.jpg","url":"https:\/\/themes.templatescoder.com\/sastra-addon\/demo-10\/2024\/06\/20\/the-ultimate-guide-to-new-york-city-in-a-weekend\/","terms":[{"term_id":6,"taxonomy":"category","slug":"travel"}]},"134":{"title":"Searching For Dolphins & Whales Off Island","excerpt":"","doc_type":"wp-post","thumbnail":"https:\/\/themes.templatescoder.com\/sastra-addon\/demo-10\/wp-content\/uploads\/sites\/12\/2024\/06\/blog-30.jpg","url":"https:\/\/themes.templatescoder.com\/sastra-addon\/demo-10\/2024\/06\/20\/searching-for-dolphins-whales-off-island\/","terms":[{"term_id":6,"taxonomy":"category","slug":"travel"}]},"132":{"title":"Perfect places to watch the sunrise in Bali while you honeymoon","excerpt":"","doc_type":"wp-post","thumbnail":"https:\/\/themes.templatescoder.com\/sastra-addon\/demo-10\/wp-content\/uploads\/sites\/12\/2024\/06\/blog-29.jpg","url":"https:\/\/themes.templatescoder.com\/sastra-addon\/demo-10\/2024\/06\/20\/perfect-places-to-watch-the-sunrise-in-bali-while-you-honeymoon\/","terms":[{"term_id":6,"taxonomy":"category","slug":"travel"}]},"130":{"title":"Summer Safety Tips For Water Sports Adventurers","excerpt":"","doc_type":"wp-post","thumbnail":"https:\/\/themes.templatescoder.com\/sastra-addon\/demo-10\/wp-content\/uploads\/sites\/12\/2024\/06\/blog-28.jpg","url":"https:\/\/themes.templatescoder.com\/sastra-addon\/demo-10\/2024\/06\/20\/summer-safety-tips-for-water-sports-adventurers\/","terms":[{"term_id":6,"taxonomy":"category","slug":"travel"}]},"128":{"title":"Your Guide to Canggu\u2019s Hottest Street: The Essential Batu Bolong","excerpt":"","doc_type":"wp-post","thumbnail":"https:\/\/themes.templatescoder.com\/sastra-addon\/demo-10\/wp-content\/uploads\/sites\/12\/2024\/06\/blog-27.jpg","url":"https:\/\/themes.templatescoder.com\/sastra-addon\/demo-10\/2024\/06\/20\/your-guide-to-canggus-hottest-street-the-essential-batu-bolong\/","terms":[{"term_id":6,"taxonomy":"category","slug":"travel"}]},"126":{"title":"Celebrate Nyepi in true Bali spirit with a luxurious day of silence","excerpt":"","doc_type":"wp-post","thumbnail":"https:\/\/themes.templatescoder.com\/sastra-addon\/demo-10\/wp-content\/uploads\/sites\/12\/2024\/06\/blog-26.jpg","url":"https:\/\/themes.templatescoder.com\/sastra-addon\/demo-10\/2024\/06\/20\/celebrate-nyepi-in-true-bali-spirit-with-a-luxurious-day-of-silence\/","terms":[{"term_id":6,"taxonomy":"category","slug":"travel"}]},"103":{"title":"How this Nigerian woman went from aspiring developer to meeting Mark Zuckerberg","excerpt":"","doc_type":"wp-post","thumbnail":"https:\/\/themes.templatescoder.com\/sastra-addon\/demo-10\/wp-content\/uploads\/sites\/12\/2024\/06\/blog-12-1.jpg","url":"https:\/\/themes.templatescoder.com\/sastra-addon\/demo-10\/2024\/06\/19\/how-this-nigerian-woman-went-from-aspiring-developer-to-meeting-mark-zuckerberg\/","terms":[{"term_id":3,"taxonomy":"category","slug":"lifestyle"}]},"122":{"title":"Nintendo Switch UI gets new close-up in deleted tweet","excerpt":"","doc_type":"wp-post","thumbnail":"https:\/\/themes.templatescoder.com\/sastra-addon\/demo-10\/wp-content\/uploads\/sites\/12\/2024\/06\/blog-25.jpg","url":"https:\/\/themes.templatescoder.com\/sastra-addon\/demo-10\/2024\/06\/19\/nintendo-switch-ui-gets-new-close-up-in-deleted-tweet\/","terms":[{"term_id":16,"taxonomy":"category","slug":"tech"}]},"120":{"title":"10 Breakthrough Technologies of the Year","excerpt":"","doc_type":"wp-post","thumbnail":"https:\/\/themes.templatescoder.com\/sastra-addon\/demo-10\/wp-content\/uploads\/sites\/12\/2024\/06\/blog-24.jpg","url":"https:\/\/themes.templatescoder.com\/sastra-addon\/demo-10\/2024\/06\/19\/10-breakthrough-technologies-of-the-year\/","terms":[{"term_id":16,"taxonomy":"category","slug":"tech"}]},"118":{"title":"The Environmental Impact of E-Waste","excerpt":"","doc_type":"wp-post","thumbnail":"https:\/\/themes.templatescoder.com\/sastra-addon\/demo-10\/wp-content\/uploads\/sites\/12\/2024\/06\/blog-23.jpg","url":"https:\/\/themes.templatescoder.com\/sastra-addon\/demo-10\/2024\/06\/19\/the-environmental-impact-of-e-waste\/","terms":[{"term_id":16,"taxonomy":"category","slug":"tech"}]},"116":{"title":"The Role of Big Data in Modern Businesses","excerpt":"","doc_type":"wp-post","thumbnail":"https:\/\/themes.templatescoder.com\/sastra-addon\/demo-10\/wp-content\/uploads\/sites\/12\/2024\/06\/blog-22.jpg","url":"https:\/\/themes.templatescoder.com\/sastra-addon\/demo-10\/2024\/06\/19\/the-role-of-big-data-in-modern-businesses\/","terms":[{"term_id":16,"taxonomy":"category","slug":"tech"}]},"114":{"title":"Understanding Quantum Computing","excerpt":"","doc_type":"wp-post","thumbnail":"https:\/\/themes.templatescoder.com\/sastra-addon\/demo-10\/wp-content\/uploads\/sites\/12\/2024\/06\/blog-21.jpg","url":"https:\/\/themes.templatescoder.com\/sastra-addon\/demo-10\/2024\/06\/19\/understanding-quantum-computing\/","terms":[{"term_id":16,"taxonomy":"category","slug":"tech"}]},"112":{"title":"Top 10 Upcoming PS4 Games: All The Exclusive on The Way","excerpt":"","doc_type":"wp-post","thumbnail":"https:\/\/themes.templatescoder.com\/sastra-addon\/demo-10\/wp-content\/uploads\/sites\/12\/2024\/06\/blog-20.jpg","url":"https:\/\/themes.templatescoder.com\/sastra-addon\/demo-10\/2024\/06\/19\/top-10-upcoming-ps4-games-all-the-exclusive-on-the-way\/","terms":[{"term_id":16,"taxonomy":"category","slug":"tech"}]},"110":{"title":"Take a look inside Facebook\u2019s massive data center in Sweden","excerpt":"","doc_type":"wp-post","thumbnail":"https:\/\/themes.templatescoder.com\/sastra-addon\/demo-10\/wp-content\/uploads\/sites\/12\/2024\/06\/blog-19.jpg","url":"https:\/\/themes.templatescoder.com\/sastra-addon\/demo-10\/2024\/06\/19\/take-a-look-inside-facebooks-massive-data-center-in-sweden\/","terms":[{"term_id":16,"taxonomy":"category","slug":"tech"}]},"108":{"title":"Ford\u2019s newest self-driving test cars have more compute power and better vision","excerpt":"","doc_type":"wp-post","thumbnail":"https:\/\/themes.templatescoder.com\/sastra-addon\/demo-10\/wp-content\/uploads\/sites\/12\/2024\/06\/blog-18.jpg","url":"https:\/\/themes.templatescoder.com\/sastra-addon\/demo-10\/2024\/06\/19\/fords-newest-self-driving-test-cars-have-more-compute-power-and-better-vision\/","terms":[{"term_id":16,"taxonomy":"category","slug":"tech"}]},"106":{"title":"Snapchat ex-employee claims company faked growth stats to boost value","excerpt":"","doc_type":"wp-post","thumbnail":"https:\/\/themes.templatescoder.com\/sastra-addon\/demo-10\/wp-content\/uploads\/sites\/12\/2024\/06\/blog-17.jpg","url":"https:\/\/themes.templatescoder.com\/sastra-addon\/demo-10\/2024\/06\/19\/snapchat-ex-employee-claims-company-faked-growth-stats-to-boost-value\/","terms":[{"term_id":16,"taxonomy":"category","slug":"tech"}]},"104":{"title":"With 150 million daily active users, Instagram Stories is launching ads","excerpt":"","doc_type":"wp-post","thumbnail":"https:\/\/themes.templatescoder.com\/sastra-addon\/demo-10\/wp-content\/uploads\/sites\/12\/2024\/06\/blog-16.jpg","url":"https:\/\/themes.templatescoder.com\/sastra-addon\/demo-10\/2024\/06\/19\/with-150-million-daily-active-users-instagram-stories-is-launching-ads\/","terms":[{"term_id":16,"taxonomy":"category","slug":"tech"}]},"101":{"title":"How The Premier League Became A Dream Destination For Young Brazilians","excerpt":"","doc_type":"wp-post","thumbnail":"https:\/\/themes.templatescoder.com\/sastra-addon\/demo-10\/wp-content\/uploads\/sites\/12\/2024\/06\/blog-15.jpg","url":"https:\/\/themes.templatescoder.com\/sastra-addon\/demo-10\/2024\/06\/19\/how-the-premier-league-became-a-dream-destination-for-young-brazilians\/","terms":[{"term_id":3,"taxonomy":"category","slug":"lifestyle"}]},"99":{"title":"Exploring Different Hobbies","excerpt":"","doc_type":"wp-post","thumbnail":"https:\/\/themes.templatescoder.com\/sastra-addon\/demo-10\/wp-content\/uploads\/sites\/12\/2024\/06\/blog-14.jpg","url":"https:\/\/themes.templatescoder.com\/sastra-addon\/demo-10\/2024\/06\/19\/exploring-different-hobbies\/","terms":[{"term_id":3,"taxonomy":"category","slug":"lifestyle"}]},"97":{"title":"The Benefits of Outdoor Activities","excerpt":"","doc_type":"wp-post","thumbnail":"https:\/\/themes.templatescoder.com\/sastra-addon\/demo-10\/wp-content\/uploads\/sites\/12\/2024\/06\/blog-13.jpg","url":"https:\/\/themes.templatescoder.com\/sastra-addon\/demo-10\/2024\/06\/19\/the-benefits-of-outdoor-activities\/","terms":[{"term_id":3,"taxonomy":"category","slug":"lifestyle"}]},"95":{"title":"Talented Nigerian Artists Trying to Reduce Global Pollution","excerpt":"","doc_type":"wp-post","thumbnail":"https:\/\/themes.templatescoder.com\/sastra-addon\/demo-10\/wp-content\/uploads\/sites\/12\/2024\/06\/blog-12.jpg","url":"https:\/\/themes.templatescoder.com\/sastra-addon\/demo-10\/2024\/06\/19\/talented-nigerian-artists-trying-to-reduce-global-pollution\/","terms":[{"term_id":3,"taxonomy":"category","slug":"lifestyle"}]},"93":{"title":"This Amazing Massage Service for Women is Changing The Game","excerpt":"","doc_type":"wp-post","thumbnail":"https:\/\/themes.templatescoder.com\/sastra-addon\/demo-10\/wp-content\/uploads\/sites\/12\/2024\/06\/blog-11.jpg","url":"https:\/\/themes.templatescoder.com\/sastra-addon\/demo-10\/2024\/06\/19\/this-amazing-massage-service-for-women-is-changing-the-game\/","terms":[{"term_id":3,"taxonomy":"category","slug":"lifestyle"}]},"91":{"title":"Model slams brands using fur in fashion after walking off photoshoot","excerpt":"","doc_type":"wp-post","thumbnail":"https:\/\/themes.templatescoder.com\/sastra-addon\/demo-10\/wp-content\/uploads\/sites\/12\/2024\/06\/blog-10.jpg","url":"https:\/\/themes.templatescoder.com\/sastra-addon\/demo-10\/2024\/06\/19\/model-slams-brands-using-fur-in-fashion-after-walking-off-photoshoot\/","terms":[{"term_id":3,"taxonomy":"category","slug":"lifestyle"}]},"89":{"title":"The Benefits of Running That Make You Healthier and Happier","excerpt":"","doc_type":"wp-post","thumbnail":"https:\/\/themes.templatescoder.com\/sastra-addon\/demo-10\/wp-content\/uploads\/sites\/12\/2024\/06\/blog-9.jpg","url":"https:\/\/themes.templatescoder.com\/sastra-addon\/demo-10\/2024\/06\/19\/the-benefits-of-running-that-make-you-healthier-and-happier\/","terms":[{"term_id":3,"taxonomy":"category","slug":"lifestyle"}]},"87":{"title":"Taking Amtrak\u2019s California Zephyr Across Country","excerpt":"","doc_type":"wp-post","thumbnail":"https:\/\/themes.templatescoder.com\/sastra-addon\/demo-10\/wp-content\/uploads\/sites\/12\/2024\/06\/blog-8.jpg","url":"https:\/\/themes.templatescoder.com\/sastra-addon\/demo-10\/2024\/06\/19\/taking-amtraks-california-zephyr-across-country\/","terms":[{"term_id":3,"taxonomy":"category","slug":"lifestyle"}]},"85":{"title":"What watch nerds really think about smartwatches","excerpt":"","doc_type":"wp-post","thumbnail":"https:\/\/themes.templatescoder.com\/sastra-addon\/demo-10\/wp-content\/uploads\/sites\/12\/2024\/06\/blog-7.jpg","url":"https:\/\/themes.templatescoder.com\/sastra-addon\/demo-10\/2024\/06\/19\/what-watch-nerds-really-think-about-smartwatches\/","terms":[{"term_id":3,"taxonomy":"category","slug":"lifestyle"}]},"82":{"title":"5 Fashion stories from around the web you might have missed this week","excerpt":"","doc_type":"wp-post","thumbnail":"https:\/\/themes.templatescoder.com\/sastra-addon\/demo-10\/wp-content\/uploads\/sites\/12\/2024\/06\/blog-6-1.jpg","url":"https:\/\/themes.templatescoder.com\/sastra-addon\/demo-10\/2024\/06\/19\/5-fashion-stories-from-around-the-web-you-might-have-missed-this-week\/","terms":[{"term_id":3,"taxonomy":"category","slug":"lifestyle"}]},"41":{"title":"The Big Real Estate Debate: What Makes A Good Investment","excerpt":"","doc_type":"wp-post","thumbnail":"https:\/\/themes.templatescoder.com\/sastra-addon\/demo-10\/wp-content\/uploads\/sites\/12\/2024\/06\/blog-5.jpg","url":"https:\/\/themes.templatescoder.com\/sastra-addon\/demo-10\/2024\/06\/11\/the-big-real-estate-debate-what-makes-a-good-investment\/","terms":[{"term_id":7,"taxonomy":"post_tag","slug":"magazine"},{"term_id":8,"taxonomy":"post_tag","slug":"news"},{"term_id":9,"taxonomy":"post_tag","slug":"newspaper"},{"term_id":11,"taxonomy":"post_tag","slug":"resources"},{"term_id":10,"taxonomy":"post_tag","slug":"tech"},{"term_id":6,"taxonomy":"category","slug":"travel"}]},"39":{"title":"Kevin Smith Shows his Love for Natural Inspired Outfits","excerpt":"","doc_type":"wp-post","thumbnail":"https:\/\/themes.templatescoder.com\/sastra-addon\/demo-10\/wp-content\/uploads\/sites\/12\/2024\/06\/blog-4.jpg","url":"https:\/\/themes.templatescoder.com\/sastra-addon\/demo-10\/2024\/06\/11\/kevin-smith-shows-his-love-for-natural-inspired-outfits\/","terms":[{"term_id":5,"taxonomy":"category","slug":"fashion-week"},{"term_id":12,"taxonomy":"post_tag","slug":"fitness"},{"term_id":13,"taxonomy":"post_tag","slug":"health"},{"term_id":10,"taxonomy":"post_tag","slug":"tech"}]},"37":{"title":"Activities Improve your Health by Travelling to these Remote Locations","excerpt":"","doc_type":"wp-post","thumbnail":"https:\/\/themes.templatescoder.com\/sastra-addon\/demo-10\/wp-content\/uploads\/sites\/12\/2024\/06\/blog-3.jpg","url":"https:\/\/themes.templatescoder.com\/sastra-addon\/demo-10\/2024\/06\/11\/activities-improve-your-health-by-travelling-to-these-remote-locations\/","terms":[{"term_id":4,"taxonomy":"category","slug":"activities"},{"term_id":15,"taxonomy":"post_tag","slug":"lifestyle"},{"term_id":7,"taxonomy":"post_tag","slug":"magazine"},{"term_id":8,"taxonomy":"post_tag","slug":"news"},{"term_id":14,"taxonomy":"post_tag","slug":"nutrition"}]},"35":{"title":"Wonderful Outdoors Experience: Eagle Spotting in Alaska","excerpt":"","doc_type":"wp-post","thumbnail":"https:\/\/themes.templatescoder.com\/sastra-addon\/demo-10\/wp-content\/uploads\/sites\/12\/2024\/06\/blog-2.jpg","url":"https:\/\/themes.templatescoder.com\/sastra-addon\/demo-10\/2024\/06\/11\/wonderful-outdoors-experience-eagle-spotting-in-alaska\/","terms":[{"term_id":12,"taxonomy":"post_tag","slug":"fitness"},{"term_id":3,"taxonomy":"category","slug":"lifestyle"},{"term_id":9,"taxonomy":"post_tag","slug":"newspaper"},{"term_id":11,"taxonomy":"post_tag","slug":"resources"},{"term_id":10,"taxonomy":"post_tag","slug":"tech"}]},"1":{"title":"Discover the 10 Best Hairstyles According to Your Face Shape","excerpt":"","doc_type":"wp-post","thumbnail":"https:\/\/themes.templatescoder.com\/sastra-addon\/demo-10\/wp-content\/uploads\/sites\/12\/2024\/06\/blog-1.jpg","url":"https:\/\/themes.templatescoder.com\/sastra-addon\/demo-10\/2024\/06\/10\/discover-the-10-best-hairstyles-according-to-your-face-shape\/","terms":[{"term_id":1,"taxonomy":"category","slug":"cosmopolitan"},{"term_id":12,"taxonomy":"post_tag","slug":"fitness"},{"term_id":13,"taxonomy":"post_tag","slug":"health"},{"term_id":7,"taxonomy":"post_tag","slug":"magazine"},{"term_id":8,"taxonomy":"post_tag","slug":"news"},{"term_id":9,"taxonomy":"post_tag","slug":"newspaper"},{"term_id":14,"taxonomy":"post_tag","slug":"nutrition"},{"term_id":11,"taxonomy":"post_tag","slug":"resources"},{"term_id":10,"taxonomy":"post_tag","slug":"tech"}]}},"page":{"67":{"title":"Travel","excerpt":"","doc_type":"wp-page","thumbnail":false,"url":"https:\/\/themes.templatescoder.com\/sastra-addon\/demo-10\/travel\/","terms":[]},"65":{"title":"Tech","excerpt":"","doc_type":"wp-page","thumbnail":false,"url":"https:\/\/themes.templatescoder.com\/sastra-addon\/demo-10\/tech\/","terms":[]},"63":{"title":"Fashion","excerpt":"","doc_type":"wp-page","thumbnail":false,"url":"https:\/\/themes.templatescoder.com\/sastra-addon\/demo-10\/fashion\/","terms":[]},"54":{"title":"News","excerpt":"","doc_type":"wp-page","thumbnail":false,"url":"https:\/\/themes.templatescoder.com\/sastra-addon\/demo-10\/news\/","terms":[]},"2":{"title":"Home","excerpt":"","doc_type":"wp-page","thumbnail":false,"url":"https:\/\/themes.templatescoder.com\/sastra-addon\/demo-10\/","terms":[],"show_on_front":true}},"tmpcoder_mega_menu":[],"theme-advanced-hook":{"169":{"title":"404 Error","excerpt":"","doc_type":"wp-post","thumbnail":false,"url":"https:\/\/themes.templatescoder.com\/sastra-addon\/demo-10\/theme-advanced-hook\/user-type_404-404-error\/","terms":[]},"167":{"title":"Post Archive","excerpt":"","doc_type":"wp-post","thumbnail":false,"url":"https:\/\/themes.templatescoder.com\/sastra-addon\/demo-10\/theme-advanced-hook\/user-type_archive-post-archive\/","terms":[]},"166":{"title":"News Search","excerpt":"","doc_type":"wp-post","thumbnail":false,"url":"https:\/\/themes.templatescoder.com\/sastra-addon\/demo-10\/theme-advanced-hook\/user-type_search_result_page-news-search\/","terms":[]},"73":{"title":"Single post","excerpt":"","doc_type":"wp-post","thumbnail":false,"url":"https:\/\/themes.templatescoder.com\/sastra-addon\/demo-10\/theme-advanced-hook\/user-type_single_post-single-post\/","terms":[]},"22":{"title":"Footer","excerpt":"","doc_type":"wp-post","thumbnail":false,"url":"https:\/\/themes.templatescoder.com\/sastra-addon\/demo-10\/theme-advanced-hook\/user-type_footer-footer\/","terms":[]},"6":{"title":"Header","excerpt":"","doc_type":"wp-post","thumbnail":false,"url":"https:\/\/themes.templatescoder.com\/sastra-addon\/demo-10\/theme-advanced-hook\/user-type_header-header\/","terms":[]}}},"wp-content":{"post":[],"page":[],"nav_menu_item":["16","69","70","71","72"],"elementor_library":[],"theme-advanced-hook":[],"tmpcoder_mega_menu":[]},"custom-post-type-title":{"post":{"name":"post","label":"Posts"},"page":{"name":"page","label":"Pages"},"elementor_library":{"name":"elementor_library","label":"My Templates"},"theme-advanced-hook":{"name":"theme-advanced-hook","label":"Site Builder"},"tmpcoder_mega_menu":{"name":"tmpcoder_mega_menu","label":"Spexo Mega Menu"}}},"1":{"content":[],"settings":{"template":"default","system_colors":[{"_id":"primary","title":"Primary","color":"#6EC1E4"},{"_id":"secondary","title":"Secondary","color":"#54595F"},{"_id":"text","title":"Text","color":"#7A7A7A"},{"_id":"accent","title":"Accent","color":"#61CE70"}],"custom_colors":[],"system_typography":[{"_id":"primary","title":"Primary","typography_typography":"custom","typography_font_family":"Roboto","typography_font_weight":"600"},{"_id":"secondary","title":"Secondary","typography_typography":"custom","typography_font_family":"Roboto Slab","typography_font_weight":"400"},{"_id":"text","title":"Text","typography_typography":"custom","typography_font_family":"Roboto","typography_font_weight":"400"},{"_id":"accent","title":"Accent","typography_typography":"custom","typography_font_family":"Roboto","typography_font_weight":"500"}],"custom_typography":[],"default_generic_fonts":"Sans-serif","space_between_widgets":{"column":"0","row":"0","isLinked":true,"unit":"px","size":0},"page_title_selector":"h1.entry-title","viewport_md":768,"viewport_lg":1025},"metadata":[],"theme":{"name":"Spexo Child","theme_uri":"https:\/\/spexoaddons.com\/spexo-elementor-theme\/","version":"1.0.0","slug":"spexo-child"},"experiments":{"e_font_icon_svg":{"name":"e_font_icon_svg","title":"Inline Font Icons","state":"default","default":"active","release_status":"stable"},"additional_custom_breakpoints":{"name":"additional_custom_breakpoints","title":"Additional Custom Breakpoints","state":"default","default":"active","release_status":"stable"},"container":{"name":"container","title":"Container","state":"inactive","default":"active","release_status":"stable"},"e_optimized_markup":{"name":"e_optimized_markup","title":"Optimized Markup","state":"default","default":"inactive","release_status":"stable"},"nested-elements":{"name":"nested-elements","title":"Nested Elements","state":"default","default":"inactive","release_status":"stable"},"pages_panel":{"name":"pages_panel","title":"Pages Panel","state":"default","default":"inactive","release_status":"alpha"},"e_element_cache":{"name":"e_element_cache","title":"Element Caching","state":"default","default":"active","release_status":"stable"},"home_screen":{"name":"home_screen","title":"Elementor Home Screen","state":"default","default":"active","release_status":"stable"},"editor_events":{"name":"editor_events","title":"Elementor Editor Events","state":"default","default":"inactive","release_status":"alpha"},"e_atomic_elements":{"name":"e_atomic_elements","title":"Atomic Widgets","state":"default","default":"inactive","release_status":"alpha"},"e_classes":{"name":"e_classes","title":"Global Classes","state":"default","default":"inactive","release_status":"alpha"},"global_classes_should_enforce_capabilities":{"name":"global_classes_should_enforce_capabilities","title":"Enforce global classes capabilities","state":"default","default":"active","release_status":"dev"},"e_variables":{"name":"e_variables","title":"Variables","state":"default","default":"active","release_status":"alpha"},"cloud-library":{"name":"cloud-library","title":"Cloud Library","state":"default","default":"active","release_status":"beta"},"e_opt_in_v4_page":{"name":"e_opt_in_v4_page","title":"Editor v4 (Opt In Page)","state":"default","default":"active","release_status":"alpha"},"e_opt_in_v4":{"name":"e_opt_in_v4","title":"Editor V4","state":"default","default":"inactive","release_status":"alpha"},"import-export-customization":{"name":"import-export-customization","title":"Import\/Export Customization","state":"default","default":"inactive","release_status":"alpha"}}},"elementor_disable_color_schemes":"yes","elementor_disable_typography_schemes":"yes","elementor_experiment-e_optimized_css_loading":"inactive"}